2021-09-15 05:16:34,159 INFO  [ContextLoaderListener] ***********************************************************************************
2021-09-15 05:16:34,161 INFO  [ContextLoaderListener]    _____ _                   _              _          
2021-09-15 05:16:34,162 INFO  [ContextLoaderListener]   / ____| |                 | |            (_)         
2021-09-15 05:16:34,163 INFO  [ContextLoaderListener]  | (___ | |_ _ __ _   _  ___| |_ _   _ _ __ _ _____ __ 
2021-09-15 05:16:34,164 INFO  [ContextLoaderListener]   \___ \| __| '__| | | |/ __| __| | | | '__| |_  / '__|
2021-09-15 05:16:34,165 INFO  [ContextLoaderListener]   ____) | |_| |  | |_| | (__| |_| |_| | |  | |/ /| |   
2021-09-15 05:16:34,166 INFO  [ContextLoaderListener]  |_____/ \__|_|   \__,_|\___|\__|\__,_|_|  |_/___|_|   
2021-09-15 05:16:34,166 INFO  [ContextLoaderListener]                                                        
2021-09-15 05:16:34,167 INFO  [ContextLoaderListener]  Structurizr Lite
2021-09-15 05:16:34,170 INFO  [ContextLoaderListener]  Build: 2494
2021-09-15 05:16:34,172 INFO  [ContextLoaderListener]  Built: 2021-09-06T16:04:51Z
2021-09-15 05:16:34,192 INFO  [ContextLoaderListener]  Structurizr DSL: v1.13.0
2021-09-15 05:16:34,194 INFO  [ContextLoaderListener] 
2021-09-15 05:16:34,196 INFO  [ContextLoaderListener]  Memory: used=54MB; free=201MB; total=256MB; max=256MB
2021-09-15 05:16:34,198 INFO  [ContextLoaderListener] ***********************************************************************************
2021-09-15 05:20:40,575 INFO  [ContextLoaderListener] ***********************************************************************************
2021-09-15 05:20:40,578 INFO  [ContextLoaderListener]    _____ _                   _              _          
2021-09-15 05:20:40,579 INFO  [ContextLoaderListener]   / ____| |                 | |            (_)         
2021-09-15 05:20:40,579 INFO  [ContextLoaderListener]  | (___ | |_ _ __ _   _  ___| |_ _   _ _ __ _ _____ __ 
2021-09-15 05:20:40,580 INFO  [ContextLoaderListener]   \___ \| __| '__| | | |/ __| __| | | | '__| |_  / '__|
2021-09-15 05:20:40,581 INFO  [ContextLoaderListener]   ____) | |_| |  | |_| | (__| |_| |_| | |  | |/ /| |   
2021-09-15 05:20:40,581 INFO  [ContextLoaderListener]  |_____/ \__|_|   \__,_|\___|\__|\__,_|_|  |_/___|_|   
2021-09-15 05:20:40,582 INFO  [ContextLoaderListener]                                                        
2021-09-15 05:20:40,583 INFO  [ContextLoaderListener]  Structurizr Lite
2021-09-15 05:20:40,585 INFO  [ContextLoaderListener]  Build: 2494
2021-09-15 05:20:40,587 INFO  [ContextLoaderListener]  Built: 2021-09-06T16:04:51Z
2021-09-15 05:20:40,600 INFO  [ContextLoaderListener]  Structurizr DSL: v1.13.0
2021-09-15 05:20:40,602 INFO  [ContextLoaderListener] 
2021-09-15 05:20:40,603 INFO  [ContextLoaderListener]  Memory: used=163MB; free=92MB; total=256MB; max=256MB
2021-09-15 05:20:40,604 INFO  [ContextLoaderListener] ***********************************************************************************
2021-09-15 05:41:26,270 INFO  [ContextLoaderListener] ***********************************************************************************
2021-09-15 05:41:26,272 INFO  [ContextLoaderListener]    _____ _                   _              _          
2021-09-15 05:41:26,273 INFO  [ContextLoaderListener]   / ____| |                 | |            (_)         
2021-09-15 05:41:26,273 INFO  [ContextLoaderListener]  | (___ | |_ _ __ _   _  ___| |_ _   _ _ __ _ _____ __ 
2021-09-15 05:41:26,274 INFO  [ContextLoaderListener]   \___ \| __| '__| | | |/ __| __| | | | '__| |_  / '__|
2021-09-15 05:41:26,275 INFO  [ContextLoaderListener]   ____) | |_| |  | |_| | (__| |_| |_| | |  | |/ /| |   
2021-09-15 05:41:26,276 INFO  [ContextLoaderListener]  |_____/ \__|_|   \__,_|\___|\__|\__,_|_|  |_/___|_|   
2021-09-15 05:41:26,277 INFO  [ContextLoaderListener]                                                        
2021-09-15 05:41:26,278 INFO  [ContextLoaderListener]  Structurizr Lite
2021-09-15 05:41:26,279 INFO  [ContextLoaderListener]  Build: 2494
2021-09-15 05:41:26,281 INFO  [ContextLoaderListener]  Built: 2021-09-06T16:04:51Z
2021-09-15 05:41:26,293 INFO  [ContextLoaderListener]  Structurizr DSL: v1.13.0
2021-09-15 05:41:26,295 INFO  [ContextLoaderListener] 
2021-09-15 05:41:26,296 INFO  [ContextLoaderListener]  Memory: used=129MB; free=126MB; total=256MB; max=256MB
2021-09-15 05:41:26,297 INFO  [ContextLoaderListener] ***********************************************************************************
2021-09-15 05:45:51,282 ERROR [FileSystemWorkspaceComponent] com.structurizr.dsl.StructurizrDslParserException: The element "webapp" is not a software system at line 20: container webapp "Web Application" {
2021-09-15 05:45:51,287 ERROR [ApiController] com.structurizr.lite.web.ApiException: workspace.dsl: The element "webapp" is not a software system at line 20: container webapp "Web Application" {
2021-09-15 15:21:31,083 INFO  [ContextLoaderListener] ***********************************************************************************
2021-09-15 15:21:31,085 INFO  [ContextLoaderListener]    _____ _                   _              _          
2021-09-15 15:21:31,086 INFO  [ContextLoaderListener]   / ____| |                 | |            (_)         
2021-09-15 15:21:31,087 INFO  [ContextLoaderListener]  | (___ | |_ _ __ _   _  ___| |_ _   _ _ __ _ _____ __ 
2021-09-15 15:21:31,088 INFO  [ContextLoaderListener]   \___ \| __| '__| | | |/ __| __| | | | '__| |_  / '__|
2021-09-15 15:21:31,089 INFO  [ContextLoaderListener]   ____) | |_| |  | |_| | (__| |_| |_| | |  | |/ /| |   
2021-09-15 15:21:31,089 INFO  [ContextLoaderListener]  |_____/ \__|_|   \__,_|\___|\__|\__,_|_|  |_/___|_|   
2021-09-15 15:21:31,090 INFO  [ContextLoaderListener]                                                        
2021-09-15 15:21:31,090 INFO  [ContextLoaderListener]  Structurizr Lite
2021-09-15 15:21:31,092 INFO  [ContextLoaderListener]  Build: 2494
2021-09-15 15:21:31,094 INFO  [ContextLoaderListener]  Built: 2021-09-06T16:04:51Z
2021-09-15 15:21:31,110 INFO  [ContextLoaderListener]  Structurizr DSL: v1.13.0
2021-09-15 15:21:31,111 INFO  [ContextLoaderListener] 
2021-09-15 15:21:31,113 INFO  [ContextLoaderListener]  Memory: used=157MB; free=98MB; total=256MB; max=256MB
2021-09-15 15:21:31,114 INFO  [ContextLoaderListener] ***********************************************************************************
2021-09-15 15:27:52,195 ERROR [FileSystemWorkspaceComponent] com.structurizr.dsl.StructurizrDslParserException: The element "webApp" can not be added to this type of view at line 15: include webApp
2021-09-15 15:27:52,203 ERROR [ApiController] com.structurizr.lite.web.ApiException: workspace.dsl: The element "webApp" can not be added to this type of view at line 15: include webApp
2021-09-15 15:28:02,032 WARN  [PageNotFound] No mapping found for HTTP request with URI [/error] in DispatcherServlet with name 'root'
2021-09-15 15:28:02,068 WARN  [PageNotFound] Request method 'POST' not supported
2021-09-15 15:28:43,309 WARN  [ViewSet] Could not find a matching view for "Software System - Containers" ... diagram layout information may be lost.
2021-09-15 15:29:00,087 WARN  [View] There is no layout information for the element named Web Application on view SoftwareSystem-Container
2021-09-15 15:29:23,148 WARN  [View] There is no layout information for the element named Web Application on view SoftwareSystem-Container
2021-09-15 15:29:58,465 WARN  [View] There is no layout information for the element named Database on view Containers
2021-09-15 15:30:29,483 WARN  [View] There is no layout information for the element named Database on view Containers
2021-09-15 15:47:01,158 INFO  [ContextLoaderListener] ***********************************************************************************
2021-09-15 15:47:01,160 INFO  [ContextLoaderListener]    _____ _                   _              _          
2021-09-15 15:47:01,161 INFO  [ContextLoaderListener]   / ____| |                 | |            (_)         
2021-09-15 15:47:01,162 INFO  [ContextLoaderListener]  | (___ | |_ _ __ _   _  ___| |_ _   _ _ __ _ _____ __ 
2021-09-15 15:47:01,163 INFO  [ContextLoaderListener]   \___ \| __| '__| | | |/ __| __| | | | '__| |_  / '__|
2021-09-15 15:47:01,165 INFO  [ContextLoaderListener]   ____) | |_| |  | |_| | (__| |_| |_| | |  | |/ /| |   
2021-09-15 15:47:01,166 INFO  [ContextLoaderListener]  |_____/ \__|_|   \__,_|\___|\__|\__,_|_|  |_/___|_|   
2021-09-15 15:47:01,167 INFO  [ContextLoaderListener]                                                        
2021-09-15 15:47:01,168 INFO  [ContextLoaderListener]  Structurizr Lite
2021-09-15 15:47:01,170 INFO  [ContextLoaderListener]  Build: 2494
2021-09-15 15:47:01,174 INFO  [ContextLoaderListener]  Built: 2021-09-06T16:04:51Z
2021-09-15 15:47:01,190 INFO  [ContextLoaderListener]  Structurizr DSL: v1.13.0
2021-09-15 15:47:01,191 INFO  [ContextLoaderListener] 
2021-09-15 15:47:01,194 INFO  [ContextLoaderListener]  Memory: used=107MB; free=148MB; total=256MB; max=256MB
2021-09-15 15:47:01,197 INFO  [ContextLoaderListener] ***********************************************************************************
2021-09-15 17:27:00,536 INFO  [ContextLoaderListener] ***********************************************************************************
2021-09-15 17:27:00,538 INFO  [ContextLoaderListener]    _____ _                   _              _          
2021-09-15 17:27:00,539 INFO  [ContextLoaderListener]   / ____| |                 | |            (_)         
2021-09-15 17:27:00,540 INFO  [ContextLoaderListener]  | (___ | |_ _ __ _   _  ___| |_ _   _ _ __ _ _____ __ 
2021-09-15 17:27:00,541 INFO  [ContextLoaderListener]   \___ \| __| '__| | | |/ __| __| | | | '__| |_  / '__|
2021-09-15 17:27:00,542 INFO  [ContextLoaderListener]   ____) | |_| |  | |_| | (__| |_| |_| | |  | |/ /| |   
2021-09-15 17:27:00,543 INFO  [ContextLoaderListener]  |_____/ \__|_|   \__,_|\___|\__|\__,_|_|  |_/___|_|   
2021-09-15 17:27:00,544 INFO  [ContextLoaderListener]                                                        
2021-09-15 17:27:00,545 INFO  [ContextLoaderListener]  Structurizr Lite
2021-09-15 17:27:00,548 INFO  [ContextLoaderListener]  Build: 2494
2021-09-15 17:27:00,550 INFO  [ContextLoaderListener]  Built: 2021-09-06T16:04:51Z
2021-09-15 17:27:00,565 INFO  [ContextLoaderListener]  Structurizr DSL: v1.13.0
2021-09-15 17:27:00,567 INFO  [ContextLoaderListener] 
2021-09-15 17:27:00,570 INFO  [ContextLoaderListener]  Memory: used=124MB; free=131MB; total=256MB; max=256MB
2021-09-15 17:27:00,574 INFO  [ContextLoaderListener] ***********************************************************************************
2021-09-15 18:20:31,228 INFO  [ContextLoaderListener] ***********************************************************************************
2021-09-15 18:20:31,230 INFO  [ContextLoaderListener]    _____ _                   _              _          
2021-09-15 18:20:31,232 INFO  [ContextLoaderListener]   / ____| |                 | |            (_)         
2021-09-15 18:20:31,233 INFO  [ContextLoaderListener]  | (___ | |_ _ __ _   _  ___| |_ _   _ _ __ _ _____ __ 
2021-09-15 18:20:31,234 INFO  [ContextLoaderListener]   \___ \| __| '__| | | |/ __| __| | | | '__| |_  / '__|
2021-09-15 18:20:31,235 INFO  [ContextLoaderListener]   ____) | |_| |  | |_| | (__| |_| |_| | |  | |/ /| |   
2021-09-15 18:20:31,236 INFO  [ContextLoaderListener]  |_____/ \__|_|   \__,_|\___|\__|\__,_|_|  |_/___|_|   
2021-09-15 18:20:31,237 INFO  [ContextLoaderListener]                                                        
2021-09-15 18:20:31,237 INFO  [ContextLoaderListener]  Structurizr Lite
2021-09-15 18:20:31,239 INFO  [ContextLoaderListener]  Build: 2494
2021-09-15 18:20:31,241 INFO  [ContextLoaderListener]  Built: 2021-09-06T16:04:51Z
2021-09-15 18:20:31,260 INFO  [ContextLoaderListener]  Structurizr DSL: v1.13.0
2021-09-15 18:20:31,263 INFO  [ContextLoaderListener] 
2021-09-15 18:20:31,269 INFO  [ContextLoaderListener]  Memory: used=141MB; free=114MB; total=256MB; max=256MB
2021-09-15 18:20:31,272 INFO  [ContextLoaderListener] ***********************************************************************************
2021-09-15 18:22:13,316 WARN  [ViewSet] Could not find a matching view for "Software System - Containers" ... diagram layout information may be lost.
2021-09-16 06:37:34,854 INFO  [ContextLoaderListener] ***********************************************************************************
2021-09-16 06:37:34,856 INFO  [ContextLoaderListener]    _____ _                   _              _          
2021-09-16 06:37:34,857 INFO  [ContextLoaderListener]   / ____| |                 | |            (_)         
2021-09-16 06:37:34,858 INFO  [ContextLoaderListener]  | (___ | |_ _ __ _   _  ___| |_ _   _ _ __ _ _____ __ 
2021-09-16 06:37:34,860 INFO  [ContextLoaderListener]   \___ \| __| '__| | | |/ __| __| | | | '__| |_  / '__|
2021-09-16 06:37:34,860 INFO  [ContextLoaderListener]   ____) | |_| |  | |_| | (__| |_| |_| | |  | |/ /| |   
2021-09-16 06:37:34,861 INFO  [ContextLoaderListener]  |_____/ \__|_|   \__,_|\___|\__|\__,_|_|  |_/___|_|   
2021-09-16 06:37:34,862 INFO  [ContextLoaderListener]                                                        
2021-09-16 06:37:34,862 INFO  [ContextLoaderListener]  Structurizr Lite
2021-09-16 06:37:34,864 INFO  [ContextLoaderListener]  Build: 2497
2021-09-16 06:37:34,866 INFO  [ContextLoaderListener]  Built: 2021-09-15T18:42:33Z
2021-09-16 06:37:34,882 INFO  [ContextLoaderListener]  Structurizr DSL: v1.13.0
2021-09-16 06:37:34,884 INFO  [ContextLoaderListener] 
2021-09-16 06:37:34,886 INFO  [ContextLoaderListener]  Memory: used=114MB; free=141MB; total=256MB; max=256MB
2021-09-16 06:37:34,889 INFO  [ContextLoaderListener] ***********************************************************************************
